<?xml version="1.0" encoding="UTF-8"?>
<!-- Generated by org.testng.reporters.JUnitReportReporter -->
<testsuite hostname="SHISHIR" failures="0" tests="1" name="testCases.TC00010_Right_Click" time="17.280" errors="0" timestamp="2023-05-21T02:38:07 BDT" skipped="0">
  <testcase classname="testCases.TC00010_Right_Click" name="doubleClickRightClick" time="17.280"/>
  <system-out/>
</testsuite> <!-- testCases.TC00010_Right_Click -->
