<?xml version="1.0" encoding="UTF-8"?>
<!-- Generated by org.testng.reporters.JUnitReportReporter -->
<testsuite hostname="SHISHIR" failures="0" tests="2" name="testCases.TC0003_verify_pageTittle" time="2.411" errors="0" timestamp="2023-05-22T00:40:07 BDT" skipped="0">
  <testcase classname="testCases.TC0003_verify_pageTittle" name="verifyPageTitle_shouldPass" time="2.395"/>
  <system-out/>
  <testcase classname="testCases.TC0003_verify_pageTittle" name="isWebsiteSecured" time="0.016"/>
  <system-out/>
</testsuite> <!-- testCases.TC0003_verify_pageTittle -->
