<?xml version="1.0" encoding="UTF-8"?>
<!-- Generated by org.testng.reporters.JUnitReportReporter -->
<testsuite hostname="SHISHIR" failures="0" tests="1" name="testCases.TC0004checkbocAndRadioButon" time="19.340" errors="0" timestamp="2023-05-23T21:55:47 BDT" skipped="0">
  <testcase classname="testCases.TC0004checkbocAndRadioButon" name="CheckBoxAndRadioButtonInFrame" time="19.340"/>
  <system-out/>
</testsuite> <!-- testCases.TC0004checkbocAndRadioButon -->
