<?xml version="1.0" encoding="UTF-8"?>
<!-- Generated by org.testng.reporters.JUnitReportReporter -->
<testsuite hostname="SHISHIR" failures="0" tests="2" name="testCases.TC0005_DropDown" time="4.445" errors="0" timestamp="2023-05-22T00:40:07 BDT" skipped="1">
  <testcase classname="testCases.TC0005_DropDown" name="selectingMultipleValueFromDropdown" time="4.445"/>
  <system-out/>
  <testcase classname="testCases.TC0005_DropDown" name="selectingValueFromDropdown">
    <skipped/>
  </testcase> <!-- selectingValueFromDropdown -->
  <system-out/>
</testsuite> <!-- testCases.TC0005_DropDown -->
