<?xml version="1.0" encoding="UTF-8"?>
<!-- Generated by org.testng.reporters.JUnitReportReporter -->
<testsuite hostname="SHISHIR" failures="0" tests="1" name="testCases.TC0007_Scroll" time="22.916" errors="0" timestamp="2023-05-22T00:40:07 BDT" skipped="0">
  <testcase classname="testCases.TC0007_Scroll" name="scrollCheck" time="22.916"/>
  <system-out/>
</testsuite> <!-- testCases.TC0007_Scroll -->
