<?xml version="1.0" encoding="UTF-8"?>
<!-- Generated by org.testng.reporters.JUnitReportReporter -->
<testsuite hostname="SHISHIR" failures="0" tests="1" name="testCases.TC0006_Refresh" time="33.045" errors="0" timestamp="2023-05-22T00:40:07 BDT" skipped="0">
  <testcase classname="testCases.TC0006_Refresh" name="refreshPage" time="33.045"/>
  <system-out/>
</testsuite> <!-- testCases.TC0006_Refresh -->
